<?xml version="1.0" encoding="UTF-8"?>
<!-- Generated by org.testng.reporters.JUnitReportReporter -->
<testsuite hostname="INHYDL4407" failures="0" tests="4" name="com.automation.BrowserSelection" time="19.399" errors="0" timestamp="2021-08-12T17:53:00 IST" skipped="0">
  <testcase classname="com.automation.BrowserSelection" name="addCart" time="5.041"/>
  <system-out/>
  <testcase classname="com.automation.BrowserSelection" name="addCart" time="4.674"/>
  <system-out/>
  <testcase classname="com.automation.BrowserSelection" name="addCart" time="5.031"/>
  <system-out/>
  <testcase classname="com.automation.BrowserSelection" name="addCart" time="4.653"/>
  <system-out/>
</testsuite> <!-- com.automation.BrowserSelection -->
