<?xml version="1.0" encoding="UTF-8"?>
<!-- Generated by org.testng.reporters.JUnitReportReporter -->
<testsuite hostname="INHYDL4407" failures="0" tests="3" name="com.automation.runner.TestRunner" time="42.092" errors="0" timestamp="2021-08-11T21:17:37 IST" skipped="0">
  <testcase classname="com.automation.runner.TestRunner" name="runScenario" time="13.916"/>
  <system-out/>
  <testcase classname="com.automation.runner.TestRunner" name="runScenario" time="13.916"/>
  <system-out/>
  <testcase classname="com.automation.runner.TestRunner" name="runScenario" time="14.260"/>
  <system-out/>
</testsuite> <!-- com.automation.runner.TestRunner -->
