<?xml version="1.0" encoding="UTF-8"?>
<!-- Generated by org.testng.reporters.JUnitReportReporter -->
<testsuite hostname="INHYDL4407" failures="0" tests="1" name="com.automation.JDBCtest" time="0.304" errors="0" timestamp="2021-08-12T23:22:48 IST" skipped="0">
  <testcase classname="com.automation.JDBCtest" name="MySQLTest" time="0.304"/>
  <system-out/>
</testsuite> <!-- com.automation.JDBCtest -->
