<?xml version="1.0" encoding="UTF-8"?>
<!-- Generated by org.testng.reporters.JUnitReportReporter -->
<testsuite hostname="INHYDL4407" failures="0" tests="1" name="com.automation.ArrayList" time="0.001" errors="0" timestamp="2021-08-08T18:42:38 IST" skipped="0">
  <testcase classname="com.automation.ArrayList" name="Test" time="0.001"/>
  <system-out/>
</testsuite> <!-- com.automation.ArrayList -->
