<?xml version="1.0" encoding="UTF-8"?>
<!-- Generated by org.testng.reporters.JUnitReportReporter -->
<testsuite hostname="INHYDL4407" failures="0" tests="1" name="com.automation.JDBCTest2" time="0.968" errors="0" timestamp="2021-08-13T10:26:12 IST" skipped="0">
  <testcase classname="com.automation.JDBCTest2" name="Execute" time="0.968"/>
  <system-out/>
</testsuite> <!-- com.automation.JDBCTest2 -->
