<?xml version="1.0" encoding="UTF-8"?>
<!-- Generated by org.testng.reporters.JUnitReportReporter -->
<testsuite hostname="INHYDL4407" failures="0" tests="5" name="com.automation.TestNGSelect" time="65.403" errors="0" timestamp="2021-08-08T20:29:15 IST" skipped="3">
  <testcase classname="com.automation.TestNGSelect" name="addToCart1" time="31.810"/>
  <system-out>
    <![CDATA[AddtoCart1]]>
  </system-out>
  <testcase classname="com.automation.TestNGSelect" name="addToCart" time="33.593"/>
  <system-out>
    <![CDATA[AddCart]]>
  </system-out>
  <testcase classname="com.automation.TestNGSelect" name="test1">
    <skipped/>
  </testcase> <!-- test1 -->
  <system-out/>
  <testcase classname="com.automation.TestNGSelect" name="test3">
    <skipped/>
  </testcase> <!-- test3 -->
  <system-out/>
  <testcase classname="com.automation.TestNGSelect" name="test2">
    <skipped/>
  </testcase> <!-- test2 -->
  <system-out/>
</testsuite> <!-- com.automation.TestNGSelect -->
