<?xml version="1.0" encoding="UTF-8"?>
<!-- Generated by org.testng.reporters.JUnitReportReporter -->
<testsuite hostname="INHYDL4407" failures="0" tests="4" name="com.automation.BrowserSelection" time="20.758" errors="0" timestamp="2021-08-12T17:50:55 IST" skipped="0">
  <testcase classname="com.automation.BrowserSelection" name="addCart" time="4.767"/>
  <system-out/>
  <testcase classname="com.automation.BrowserSelection" name="addCart" time="5.649"/>
  <system-out/>
  <testcase classname="com.automation.BrowserSelection" name="addCart" time="5.524"/>
  <system-out/>
  <testcase classname="com.automation.BrowserSelection" name="addCart" time="4.818"/>
  <system-out/>
</testsuite> <!-- com.automation.BrowserSelection -->
