<?xml version="1.0" encoding="UTF-8"?>
<!-- Generated by org.testng.reporters.JUnitReportReporter -->
<testsuite hostname="INHYDL4407" failures="0" tests="1" name="com.automation.AssertRadioButtonEnabled" time="15.289" errors="0" timestamp="2021-08-09T19:38:17 IST" skipped="0">
  <testcase classname="com.automation.AssertRadioButtonEnabled" name="isRadiobuttonEnabled" time="15.289"/>
  <system-out/>
</testsuite> <!-- com.automation.AssertRadioButtonEnabled -->
