<?xml version="1.0" encoding="UTF-8"?>
<!-- Generated by org.testng.reporters.JUnitReportReporter -->
<testsuite hostname="INHYDL4407" failures="0" tests="1" name="com.automation.TC_002_DeleselctionTest" time="18.901" errors="0" timestamp="2021-08-08T20:01:36 IST" skipped="0">
  <testcase classname="com.automation.TC_002_DeleselctionTest" name="deselectionTest" time="18.901"/>
  <system-out/>
</testsuite> <!-- com.automation.TC_002_DeleselctionTest -->
