<?xml version="1.0" encoding="UTF-8"?>
<!-- Generated by org.testng.reporters.JUnitReportReporter -->
<testsuite hostname="INHYDL4407" failures="0" tests="1" name="com.automation.JDBCtest1" time="0.281" errors="0" timestamp="2021-08-13T11:10:31 IST" skipped="0">
  <testcase classname="com.automation.JDBCtest1" name="groupBySQL" time="0.281"/>
  <system-out/>
</testsuite> <!-- com.automation.JDBCtest1 -->
